0 info it worked if it ends with ok
1 verbose cli [ 'C:\\Program Files\\nodejs\\\\node.exe',
1 verbose cli   'C:\\Program Files\\nodejs\\node_modules\\npm\\bin\\npm-cli.js',
1 verbose cli   'install' ]
2 info using npm@1.4.28
3 info using node@v0.10.33
4 verbose node symlink C:\Program Files\nodejs\\node.exe
5 warn package.json application-name@0.0.1 No description
6 warn package.json application-name@0.0.1 No repository field.
7 warn package.json application-name@0.0.1 No README data
8 verbose readDependencies using package.json deps
9 verbose install where, deps [ 'C:\\Users\\user\\WebstormProjects\\rabbitmq', [ 'amqplib' ] ]
10 info preinstall application-name@0.0.1
11 verbose readDependencies using package.json deps
12 verbose cache add [ 'amqplib@*', null ]
13 verbose cache add name=undefined spec="amqplib@*" args=["amqplib@*",null]
14 verbose parsed url { protocol: null,
14 verbose parsed url   slashes: null,
14 verbose parsed url   auth: null,
14 verbose parsed url   host: null,
14 verbose parsed url   port: null,
14 verbose parsed url   hostname: null,
14 verbose parsed url   hash: null,
14 verbose parsed url   search: null,
14 verbose parsed url   query: null,
14 verbose parsed url   pathname: 'amqplib@*',
14 verbose parsed url   path: 'amqplib@*',
14 verbose parsed url   href: 'amqplib@*' }
15 verbose cache add name="amqplib" spec="*" args=["amqplib","*"]
16 verbose parsed url { protocol: null,
16 verbose parsed url   slashes: null,
16 verbose parsed url   auth: null,
16 verbose parsed url   host: null,
16 verbose parsed url   port: null,
16 verbose parsed url   hostname: null,
16 verbose parsed url   hash: null,
16 verbose parsed url   search: null,
16 verbose parsed url   query: null,
16 verbose parsed url   pathname: '*',
16 verbose parsed url   path: '*',
16 verbose parsed url   href: '*' }
17 verbose addNamed [ 'amqplib', '*' ]
18 verbose addNamed [ null, '*' ]
19 silly lockFile 9d7c67cd-amqplib amqplib@*
20 verbose lock amqplib@* C:\Users\user\AppData\Roaming\npm-cache\9d7c67cd-amqplib.lock
21 silly addNameRange { name: 'amqplib', range: '*', hasData: false }
22 verbose request where is /amqplib
23 verbose request registry https://registry.npmjs.org/
24 verbose request id 5e49fb67ec6a144a
25 verbose url raw /amqplib
26 verbose url resolving [ 'https://registry.npmjs.org/', './amqplib' ]
27 verbose url resolved https://registry.npmjs.org/amqplib
28 verbose request where is https://registry.npmjs.org/amqplib
29 info trying registry request attempt 1 at 14:06:30
30 http GET https://registry.npmjs.org/amqplib
31 http 200 https://registry.npmjs.org/amqplib
32 silly registry.get cb [ 200,
32 silly registry.get   { date: 'Mon, 08 Dec 2014 06:07:16 GMT',
32 silly registry.get     server: 'CouchDB/1.5.0 (Erlang OTP/R16B03)',
32 silly registry.get     etag: '"CCSI208X2BLGDYCDKEYHHHWBC"',
32 silly registry.get     'content-type': 'application/json',
32 silly registry.get     'cache-control': 'max-age=60',
32 silly registry.get     'content-length': '15421',
32 silly registry.get     'accept-ranges': 'bytes',
32 silly registry.get     via: '1.1 varnish',
32 silly registry.get     age: '0',
32 silly registry.get     'x-served-by': 'cache-ty68-TYO',
32 silly registry.get     'x-cache': 'MISS',
32 silly registry.get     'x-cache-hits': '0',
32 silly registry.get     'x-timer': 'S1418018836.588092,VS0,VE178',
32 silly registry.get     vary: 'Accept',
32 silly registry.get     'keep-alive': 'timeout=10, max=50',
32 silly registry.get     connection: 'Keep-Alive' } ]
33 silly addNameRange number 2 { name: 'amqplib', range: '*', hasData: true }
34 silly addNameRange versions [ 'amqplib',
34 silly addNameRange   [ '0.0.1',
34 silly addNameRange     '0.0.2',
34 silly addNameRange     '0.1.0',
34 silly addNameRange     '0.1.1',
34 silly addNameRange     '0.1.2',
34 silly addNameRange     '0.1.3',
34 silly addNameRange     '0.2.0',
34 silly addNameRange     '0.2.1',
34 silly addNameRange     '0.3.0' ] ]
35 verbose addNamed [ 'amqplib', '0.3.0' ]
36 verbose addNamed [ '0.3.0', '0.3.0' ]
37 silly lockFile ceda70bd-amqplib-0-3-0 amqplib@0.3.0
38 verbose lock amqplib@0.3.0 C:\Users\user\AppData\Roaming\npm-cache\ceda70bd-amqplib-0-3-0.lock
39 silly lockFile 8cc49aa3-js-org-amqplib-amqplib-0-3-0-tgz https://registry.npmjs.org/amqplib/-/amqplib-0.3.0.tgz
40 verbose lock https://registry.npmjs.org/amqplib/-/amqplib-0.3.0.tgz C:\Users\user\AppData\Roaming\npm-cache\8cc49aa3-js-org-amqplib-amqplib-0-3-0-tgz.lock
41 verbose addRemoteTarball [ 'https://registry.npmjs.org/amqplib/-/amqplib-0.3.0.tgz',
41 verbose addRemoteTarball   '1b5dafebac66b36e4afd9dc815766bd2dd400b3d' ]
42 info retry fetch attempt 1 at 14:07:21
43 verbose fetch to= C:\Users\user\AppData\Local\Temp\npm-5968-PQscnZaE\registry.npmjs.org\amqplib\-\amqplib-0.3.0.tgz
44 http GET https://registry.npmjs.org/amqplib/-/amqplib-0.3.0.tgz
45 http 200 https://registry.npmjs.org/amqplib/-/amqplib-0.3.0.tgz
46 silly lockFile 8cc49aa3-js-org-amqplib-amqplib-0-3-0-tgz https://registry.npmjs.org/amqplib/-/amqplib-0.3.0.tgz
47 silly lockFile 8cc49aa3-js-org-amqplib-amqplib-0-3-0-tgz https://registry.npmjs.org/amqplib/-/amqplib-0.3.0.tgz
48 silly lockFile ceda70bd-amqplib-0-3-0 amqplib@0.3.0
49 silly lockFile ceda70bd-amqplib-0-3-0 amqplib@0.3.0
50 silly lockFile 9d7c67cd-amqplib amqplib@*
51 silly lockFile 9d7c67cd-amqplib amqplib@*
52 error Error: shasum check failed for C:\Users\user\AppData\Local\Temp\npm-5968-PQscnZaE\registry.npmjs.org\amqplib\-\amqplib-0.3.0.tgz
52 error Expected: 1b5dafebac66b36e4afd9dc815766bd2dd400b3d
52 error Actual:   514befcbe0e47b44418413d17dfb8b535f85613f
52 error From:     https://registry.npmjs.org/amqplib/-/amqplib-0.3.0.tgz
52 error     at C:\Program Files\nodejs\node_modules\npm\node_modules\sha\index.js:38:8
52 error     at ReadStream.<anonymous> (C:\Program Files\nodejs\node_modules\npm\node_modules\sha\index.js:85:7)
52 error     at ReadStream.emit (events.js:117:20)
52 error     at _stream_readable.js:943:16
52 error     at process._tickCallback (node.js:419:13)
53 error If you need help, you may report this *entire* log,
53 error including the npm and node versions, at:
53 error     <http://github.com/npm/npm/issues>
54 error System Windows_NT 6.1.7601
55 error command "C:\\Program Files\\nodejs\\\\node.exe" "C:\\Program Files\\nodejs\\node_modules\\npm\\bin\\npm-cli.js" "install"
56 error cwd C:\Users\user\WebstormProjects\rabbitmq
57 error node -v v0.10.33
58 error npm -v 1.4.28
59 verbose exit [ 1, true ]
